<?xml version="1.0" encoding="UTF-8"?>
<!-- Generated by org.testng.reporters.JUnitReportReporter -->
<testsuite hostname="LAPTOP-88OL1HSR" failures="0" tests="1" name="com.APIAutomation.Tests.APIautomation" time="2.326" errors="0" timestamp="2024-09-14T10:03:15 IST" skipped="0">
  <testcase classname="com.APIAutomation.Tests.APIautomation" name="getMethod" time="2.326"/>
</testsuite> <!-- com.APIAutomation.Tests.APIautomation -->
